2023-04-14 17:15:55,301 [Worker-3: Loading available Gradle versions] INFO  o.e.b.c.i.u.g.PublishedGradleVersions - Gradle version information cache is up-to-date. Trying to read.
2023-04-14 17:23:38,837 [Worker-13: Import Getting Started Content] INFO  o.e.m.c.i.l.LifecycleMappingFactory - Using org.eclipse.m2e.jdt.JarLifecycleMapping lifecycle mapping for MavenProject: com.example:demo2:0.0.1-SNAPSHOT @ C:\Users\anushka.patil\Documents\workspace-spring-tool-suite-4-4.18.0.RELEASE\firstSpringProject-1\curdOpration\demo2\pom.xml.
2023-04-14 17:23:41,880 [Worker-13: Import Getting Started Content] INFO  o.e.m.j.i.AbstractJavaProjectConfigurator - Adding source folder /demo2/src/main/java
2023-04-14 17:23:41,881 [Worker-13: Import Getting Started Content] INFO  o.e.m.j.i.AbstractJavaProjectConfigurator - Adding resource folder /demo2/src/main/resources
2023-04-14 17:23:41,889 [Worker-13: Import Getting Started Content] INFO  o.e.m.j.i.AbstractJavaProjectConfigurator - Adding resource folder /demo2/src/main/resources
2023-04-14 17:23:41,988 [Worker-13: Import Getting Started Content] INFO  o.e.m.j.i.AbstractJavaProjectConfigurator - Adding source folder /demo2/src/test/java
2023-04-14 17:23:43,894 [Worker-13: Import Getting Started Content] INFO  o.e.m.c.i.p.ProjectConfigurationManager - Imported and configured 1 project(s) in 9 sec
2023-04-14 17:23:43,901 [Worker-13: Import Getting Started Content] INFO  o.e.m.c.i.p.ProjectConfigurationManager - Update started
2023-04-14 17:23:44,418 [Worker-13: Import Getting Started Content] INFO  o.e.m.c.i.l.LifecycleMappingFactory - Using org.eclipse.m2e.jdt.JarLifecycleMapping lifecycle mapping for MavenProject: com.example:demo2:0.0.1-SNAPSHOT @ C:\Users\anushka.patil\Documents\workspace-spring-tool-suite-4-4.18.0.RELEASE\firstSpringProject-1\curdOpration\demo2\pom.xml.
2023-04-14 17:23:45,175 [Worker-13: Import Getting Started Content] INFO  o.e.m.j.i.AbstractJavaProjectConfigurator - Adding source folder /demo2/src/main/java
2023-04-14 17:23:45,176 [Worker-13: Import Getting Started Content] INFO  o.e.m.j.i.AbstractJavaProjectConfigurator - Adding resource folder /demo2/src/main/resources
2023-04-14 17:23:45,176 [Worker-13: Import Getting Started Content] INFO  o.e.m.j.i.AbstractJavaProjectConfigurator - Adding resource folder /demo2/src/main/resources
2023-04-14 17:23:45,177 [Worker-13: Import Getting Started Content] INFO  o.e.m.j.i.AbstractJavaProjectConfigurator - Adding source folder /demo2/src/test/java
2023-04-14 17:23:46,149 [Worker-13: Import Getting Started Content] INFO  o.e.m.c.i.p.ProjectConfigurationManager - Update completed for 1 poms: local refresh takes 0.00 sec, refresh facades takes 1.00 sec, update config takes 0.00 sec 
2023-04-14 17:23:48,946 [Worker-15: Building] INFO  o.a.m.s.f.DefaultMavenResourcesFiltering - Copying 1 resource
2023-04-14 17:23:49,036 [Worker-15: Building] INFO  o.a.m.s.f.DefaultMavenResourcesFiltering - Copying 0 resource
2023-04-14 17:23:49,044 [Worker-15: Building] INFO  o.a.m.s.f.DefaultMavenResourcesFiltering - skip non existing resourceDirectory C:\Users\anushka.patil\Documents\workspace-spring-tool-suite-4-4.18.0.RELEASE\firstSpringProject-1\curdOpration\demo2\src\test\resources
2023-04-14 17:26:24,618 [Worker-13: Building] INFO  o.e.m.c.i.l.LifecycleMappingFactory - Using org.eclipse.m2e.jdt.JarLifecycleMapping lifecycle mapping for MavenProject: com.example:demo2:0.0.1-SNAPSHOT @ C:\Users\anushka.patil\Documents\workspace-spring-tool-suite-4-4.18.0.RELEASE\firstSpringProject-1\curdOpration\demo2\pom.xml.
2023-04-14 17:26:27,389 [Worker-13: Building] INFO  o.a.m.s.f.DefaultMavenResourcesFiltering - Copying 0 resource
2023-04-14 17:26:27,390 [Worker-13: Building] INFO  o.a.m.s.f.DefaultMavenResourcesFiltering - Copying 0 resource
2023-04-14 17:26:27,397 [Worker-13: Building] INFO  o.a.m.s.f.DefaultMavenResourcesFiltering - skip non existing resourceDirectory C:\Users\anushka.patil\Documents\workspace-spring-tool-suite-4-4.18.0.RELEASE\firstSpringProject-1\curdOpration\demo2\src\test\resources
2023-04-14 17:27:04,429 [Worker-18: Building] INFO  o.a.m.s.f.DefaultMavenResourcesFiltering - Copying 1 resource
2023-04-14 17:27:04,485 [Worker-18: Building] INFO  o.a.m.s.f.DefaultMavenResourcesFiltering - Copying 0 resource
2023-04-14 17:27:04,499 [Worker-18: Building] INFO  o.a.m.s.f.DefaultMavenResourcesFiltering - skip non existing resourceDirectory C:\Users\anushka.patil\Documents\workspace-spring-tool-suite-4-4.18.0.RELEASE\firstSpringProject-1\curdOpration\demo2\src\test\resources
2023-04-14 17:29:23,991 [Worker-18: Building] INFO  o.a.m.s.f.DefaultMavenResourcesFiltering - Copying 1 resource
2023-04-14 17:29:24,089 [Worker-18: Building] INFO  o.a.m.s.f.DefaultMavenResourcesFiltering - Copying 0 resource
2023-04-14 17:29:24,093 [Worker-18: Building] INFO  o.a.m.s.f.DefaultMavenResourcesFiltering - skip non existing resourceDirectory C:\Users\anushka.patil\Documents\workspace-spring-tool-suite-4-4.18.0.RELEASE\firstSpringProject-1\curdOpration\demo2\src\test\resources
2023-04-14 17:30:34,430 [Worker-19: Building] INFO  o.a.m.s.f.DefaultMavenResourcesFiltering - Copying 0 resource
2023-04-14 17:30:34,431 [Worker-19: Building] INFO  o.a.m.s.f.DefaultMavenResourcesFiltering - Copying 0 resource
2023-04-14 17:30:34,438 [Worker-19: Building] INFO  o.a.m.s.f.DefaultMavenResourcesFiltering - skip non existing resourceDirectory C:\Users\anushka.patil\Documents\workspace-spring-tool-suite-4-4.18.0.RELEASE\firstSpringProject-1\curdOpration\demo2\src\test\resources
2023-04-14 17:30:58,736 [Worker-19: Building] INFO  o.a.m.s.f.DefaultMavenResourcesFiltering - Copying 0 resource
2023-04-14 17:30:58,737 [Worker-19: Building] INFO  o.a.m.s.f.DefaultMavenResourcesFiltering - Copying 0 resource
2023-04-14 17:30:58,743 [Worker-19: Building] INFO  o.a.m.s.f.DefaultMavenResourcesFiltering - skip non existing resourceDirectory C:\Users\anushka.patil\Documents\workspace-spring-tool-suite-4-4.18.0.RELEASE\firstSpringProject-1\curdOpration\demo2\src\test\resources
2023-04-14 17:36:47,375 [Worker-13: Building] INFO  o.a.m.s.f.DefaultMavenResourcesFiltering - Copying 1 resource
2023-04-14 17:36:47,643 [Worker-13: Building] INFO  o.a.m.s.f.DefaultMavenResourcesFiltering - Copying 0 resource
2023-04-14 17:36:47,706 [Worker-13: Building] INFO  o.a.m.s.f.DefaultMavenResourcesFiltering - skip non existing resourceDirectory C:\Users\anushka.patil\Documents\workspace-spring-tool-suite-4-4.18.0.RELEASE\firstSpringProject-1\curdOpration\demo2\src\test\resources
2023-04-17 10:34:14,394 [Worker-3: Loading available Gradle versions] INFO  o.e.b.c.i.u.g.PublishedGradleVersions - Gradle version information cache is out-of-date. Trying to update.
2023-04-17 10:36:44,209 [Worker-2: Loading available Gradle versions] INFO  o.e.b.c.i.u.g.PublishedGradleVersions - Gradle version information cache is up-to-date. Trying to read.
2023-04-17 10:41:03,443 [Worker-16: Building] INFO  o.e.m.c.i.l.LifecycleMappingFactory - Using org.eclipse.m2e.jdt.JarLifecycleMapping lifecycle mapping for MavenProject: com.example:demo4:0.0.1-SNAPSHOT @ C:\Users\anushka.patil\Documents\workspace-spring-tool-suite-4-4.18.0.RELEASE\firstSpringProject-1\curdOpration\demo2\demo\pom.xml.
2023-04-17 10:41:09,900 [Worker-16: Building] INFO  o.a.m.s.f.DefaultMavenResourcesFiltering - Copying 1 resource
2023-04-17 10:41:09,993 [Worker-16: Building] INFO  o.a.m.s.f.DefaultMavenResourcesFiltering - Copying 0 resource
2023-04-17 10:41:10,009 [Worker-16: Building] INFO  o.a.m.s.f.DefaultMavenResourcesFiltering - skip non existing resourceDirectory C:\Users\anushka.patil\Documents\workspace-spring-tool-suite-4-4.18.0.RELEASE\firstSpringProject-1\curdOpration\demo2\demo\src\test\resources
2023-04-17 10:41:11,622 [Worker-2: Download sources and javadoc] INFO  o.e.m.c.i.e.AbstractTransferListenerAdapter - Downloading https://repo.maven.apache.org/maven2/org/springframework/batch/spring-batch-test/5.0.1/spring-batch-test-5.0.1-sources.jar
2023-04-17 10:41:12,087 [Worker-2: Download sources and javadoc] INFO  o.e.m.c.i.e.AbstractTransferListenerAdapter - Downloaded https://repo.maven.apache.org/maven2/org/springframework/batch/spring-batch-test/5.0.1/spring-batch-test-5.0.1-sources.jar
2023-04-17 10:41:12,097 [Worker-2: Download sources and javadoc] INFO  o.e.m.j.internal.DownloadSourcesJob - Downloaded sources for org.springframework.batch:spring-batch-test:5.0.1
2023-04-17 10:41:15,560 [Worker-16: Updating Maven Dependencies] INFO  o.e.m.c.i.l.LifecycleMappingFactory - Using org.eclipse.m2e.jdt.JarLifecycleMapping lifecycle mapping for MavenProject: com.sts:firstSpringProject:0.0.1-SNAPSHOT @ C:\Users\anushka.patil\Documents\workspace-spring-tool-suite-4-4.18.0.RELEASE\firstSpringProject\pom.xml.
2023-04-17 10:41:17,158 [Worker-13: Building] INFO  o.e.m.c.i.l.LifecycleMappingFactory - Using org.eclipse.m2e.jdt.JarLifecycleMapping lifecycle mapping for MavenProject: com.sts:JSPView:0.0.1-SNAPSHOT @ C:\Users\anushka.patil\Documents\workspace-spring-tool-suite-4-4.18.0.RELEASE\firstSpringProject-1\JSPView\pom.xml.
2023-04-17 10:41:18,460 [Worker-13: Building] INFO  o.a.m.s.f.DefaultMavenResourcesFiltering - Copying 1 resource
2023-04-17 10:41:18,482 [Worker-13: Building] INFO  o.a.m.s.f.DefaultMavenResourcesFiltering - Copying 0 resource
2023-04-17 10:41:18,489 [Worker-13: Building] INFO  o.a.m.s.f.DefaultMavenResourcesFiltering - skip non existing resourceDirectory C:\Users\anushka.patil\Documents\workspace-spring-tool-suite-4-4.18.0.RELEASE\firstSpringProject-1\JSPView\src\test\resources
2023-04-17 10:41:22,206 [Worker-13: Updating Maven Dependencies] INFO  o.e.m.c.i.l.LifecycleMappingFactory - Using org.eclipse.m2e.jdt.JarLifecycleMapping lifecycle mapping for MavenProject: com.sts:firstSpringProject:0.0.1-SNAPSHOT @ C:\Users\anushka.patil\Documents\workspace-spring-tool-suite-4-4.18.0.RELEASE\firstSpringProject\pom.xml.
2023-04-17 10:41:22,719 [Worker-13: Updating Maven Dependencies] INFO  o.e.m.c.i.l.LifecycleMappingFactory - Using org.eclipse.m2e.jdt.JarLifecycleMapping lifecycle mapping for MavenProject: com.iasys:Junit:0.0.1-SNAPSHOT @ C:\Users\anushka.patil\Documents\workspace-spring-tool-suite-4-4.18.0.RELEASE\firstSpringProject-1\Junit\pom.xml.
2023-04-17 10:41:23,555 [Worker-20: Building] INFO  o.e.m.c.i.l.LifecycleMappingFactory - Using org.eclipse.m2e.jdt.JarLifecycleMapping lifecycle mapping for MavenProject: com.iasys:Junit:0.0.1-SNAPSHOT @ C:\Users\anushka.patil\Documents\workspace-spring-tool-suite-4-4.18.0.RELEASE\firstSpringProject-1\Junit\pom.xml.
2023-04-17 10:41:26,041 [Worker-20: Building] INFO  o.a.m.s.f.DefaultMavenResourcesFiltering - Copying 1 resource
2023-04-17 10:41:26,066 [Worker-20: Building] INFO  o.a.m.s.f.DefaultMavenResourcesFiltering - Copying 0 resource
2023-04-17 10:41:26,073 [Worker-20: Building] INFO  o.a.m.s.f.DefaultMavenResourcesFiltering - skip non existing resourceDirectory C:\Users\anushka.patil\Documents\workspace-spring-tool-suite-4-4.18.0.RELEASE\firstSpringProject-1\Junit\src\test\resources
2023-04-17 10:41:28,452 [Worker-14: Building] INFO  o.a.m.s.f.DefaultMavenResourcesFiltering - Copying 1 resource
2023-04-17 10:41:28,479 [Worker-14: Building] INFO  o.a.m.s.f.DefaultMavenResourcesFiltering - Copying 0 resource
2023-04-17 10:41:28,486 [Worker-14: Building] INFO  o.a.m.s.f.DefaultMavenResourcesFiltering - skip non existing resourceDirectory C:\Users\anushka.patil\Documents\workspace-spring-tool-suite-4-4.18.0.RELEASE\firstSpringProject-1\curdOpration\demo2\src\test\resources
2023-04-17 10:41:28,529 [Worker-15: Updating Maven Dependencies] INFO  o.e.m.c.i.l.LifecycleMappingFactory - Using org.eclipse.m2e.jdt.JarLifecycleMapping lifecycle mapping for MavenProject: com.sts:firstSpringProject:0.0.1-SNAPSHOT @ C:\Users\anushka.patil\Documents\workspace-spring-tool-suite-4-4.18.0.RELEASE\firstSpringProject\pom.xml.
2023-04-17 10:41:29,435 [Worker-15: Updating Maven Dependencies] INFO  o.e.m.c.i.l.LifecycleMappingFactory - Using org.eclipse.m2e.jdt.JarLifecycleMapping lifecycle mapping for MavenProject: com.iasys:Junit:0.0.1-SNAPSHOT @ C:\Users\anushka.patil\Documents\workspace-spring-tool-suite-4-4.18.0.RELEASE\firstSpringProject-1\Junit\pom.xml.
2023-04-17 10:41:30,090 [Worker-14: Building] INFO  o.e.m.c.i.l.LifecycleMappingFactory - Using org.eclipse.m2e.jdt.JarLifecycleMapping lifecycle mapping for MavenProject: com.sts:firstSpringProject:0.0.1-SNAPSHOT @ C:\Users\anushka.patil\Documents\workspace-spring-tool-suite-4-4.18.0.RELEASE\firstSpringProject\pom.xml.
2023-04-17 10:41:31,106 [Worker-14: Building] INFO  o.a.m.s.f.DefaultMavenResourcesFiltering - Copying 1 resource
2023-04-17 10:41:31,130 [Worker-14: Building] INFO  o.a.m.s.f.DefaultMavenResourcesFiltering - Copying 0 resource
2023-04-17 10:41:31,136 [Worker-14: Building] INFO  o.a.m.s.f.DefaultMavenResourcesFiltering - skip non existing resourceDirectory C:\Users\anushka.patil\Documents\workspace-spring-tool-suite-4-4.18.0.RELEASE\firstSpringProject\src\test\resources
2023-04-17 10:41:33,960 [Worker-14: Updating Maven Dependencies] INFO  o.e.m.c.i.l.LifecycleMappingFactory - Using org.eclipse.m2e.jdt.JarLifecycleMapping lifecycle mapping for MavenProject: com.sts:firstSpringProject:0.0.1-SNAPSHOT @ C:\Users\anushka.patil\Documents\workspace-spring-tool-suite-4-4.18.0.RELEASE\firstSpringProject\pom.xml.
2023-04-17 10:41:34,588 [Worker-14: Updating Maven Dependencies] INFO  o.e.m.c.i.l.LifecycleMappingFactory - Using org.eclipse.m2e.jdt.JarLifecycleMapping lifecycle mapping for MavenProject: com.iasys:Junit:0.0.1-SNAPSHOT @ C:\Users\anushka.patil\Documents\workspace-spring-tool-suite-4-4.18.0.RELEASE\firstSpringProject-1\Junit\pom.xml.
2023-04-17 10:41:35,588 [Worker-2: Building] INFO  o.e.m.c.i.l.LifecycleMappingFactory - Using org.eclipse.m2e.jdt.JarLifecycleMapping lifecycle mapping for MavenProject: com.iasys:jspOperation:0.0.1-SNAPSHOT @ C:\Users\anushka.patil\Documents\workspace-spring-tool-suite-4-4.18.0.RELEASE\firstSpringProject-1\jspOperation\pom.xml.
2023-04-17 10:41:41,276 [Worker-2: Building] INFO  o.a.m.s.f.DefaultMavenResourcesFiltering - Copying 1 resource
2023-04-17 10:41:41,302 [Worker-2: Building] INFO  o.a.m.s.f.DefaultMavenResourcesFiltering - Copying 0 resource
2023-04-17 10:41:41,308 [Worker-2: Building] INFO  o.a.m.s.f.DefaultMavenResourcesFiltering - skip non existing resourceDirectory C:\Users\anushka.patil\Documents\workspace-spring-tool-suite-4-4.18.0.RELEASE\firstSpringProject-1\jspOperation\src\test\resources
2023-04-17 10:41:47,269 [Worker-11: Building] INFO  o.e.m.c.i.l.LifecycleMappingFactory - Using org.eclipse.m2e.jdt.JarLifecycleMapping lifecycle mapping for MavenProject: com.iasys:jspOperation-1:0.0.1-SNAPSHOT @ C:\Users\anushka.patil\Documents\workspace-spring-tool-suite-4-4.18.0.RELEASE\firstSpringProject-1\jspOperation-1\pom.xml.
2023-04-17 10:41:49,736 [Worker-11: Building] INFO  o.a.m.s.f.DefaultMavenResourcesFiltering - Copying 1 resource
2023-04-17 10:41:49,762 [Worker-11: Building] INFO  o.a.m.s.f.DefaultMavenResourcesFiltering - Copying 0 resource
2023-04-17 10:41:49,774 [Worker-11: Building] INFO  o.a.m.s.f.DefaultMavenResourcesFiltering - skip non existing resourceDirectory C:\Users\anushka.patil\Documents\workspace-spring-tool-suite-4-4.18.0.RELEASE\firstSpringProject-1\jspOperation-1\src\test\resources
2023-04-17 10:41:50,815 [Worker-11: Building] INFO  o.e.m.c.i.l.LifecycleMappingFactory - Using org.eclipse.m2e.jdt.JarLifecycleMapping lifecycle mapping for MavenProject: com.iasys:login:0.0.1-SNAPSHOT @ C:\Users\anushka.patil\Documents\workspace-spring-tool-suite-4-4.18.0.RELEASE\firstSpringProject-1\login\pom.xml.
2023-04-17 10:41:52,147 [Worker-11: Building] INFO  o.a.m.s.f.DefaultMavenResourcesFiltering - Copying 1 resource
2023-04-17 10:41:52,172 [Worker-11: Building] INFO  o.a.m.s.f.DefaultMavenResourcesFiltering - Copying 0 resource
2023-04-17 10:41:52,182 [Worker-11: Building] INFO  o.a.m.s.f.DefaultMavenResourcesFiltering - skip non existing resourceDirectory C:\Users\anushka.patil\Documents\workspace-spring-tool-suite-4-4.18.0.RELEASE\firstSpringProject-1\login\src\test\resources
2023-04-17 10:41:53,506 [Worker-11: Updating Maven Dependencies] INFO  o.e.m.c.i.l.LifecycleMappingFactory - Using org.eclipse.m2e.jdt.JarLifecycleMapping lifecycle mapping for MavenProject: com.sts:firstSpringProject:0.0.1-SNAPSHOT @ C:\Users\anushka.patil\Documents\workspace-spring-tool-suite-4-4.18.0.RELEASE\firstSpringProject\pom.xml.
2023-04-17 10:41:53,947 [Worker-11: Updating Maven Dependencies] INFO  o.e.m.c.i.l.LifecycleMappingFactory - Using org.eclipse.m2e.jdt.JarLifecycleMapping lifecycle mapping for MavenProject: com.iasys:Junit:0.0.1-SNAPSHOT @ C:\Users\anushka.patil\Documents\workspace-spring-tool-suite-4-4.18.0.RELEASE\firstSpringProject-1\Junit\pom.xml.
2023-04-17 10:48:54,572 [Worker-5: Loading available Gradle versions] INFO  o.e.b.c.i.u.g.PublishedGradleVersions - Gradle version information cache is up-to-date. Trying to read.
